This is pdfTeX, Version 3.141592653-2.6-1.40.25 (MiKTeX 23.12) (preloaded format=pdflatex 2024.1.19)  21 FEB 2024 20:12
entering extended mode
 restricted \write18 enabled.
 file:line:error style messages enabled.
 %&-line parsing enabled.
**./report_hw_2_aero_cond_coag.tex
(report_hw_2_aero_cond_coag.tex
LaTeX2e <2023-11-01>
L3 programming layer <2024-01-04>
(C:\Users\masou\AppData\Local\Programs\MiKTeX\tex/latex/base\article.cls
Document Class: article 2023/05/17 v1.4n Standard LaTeX document class
(C:\Users\masou\AppData\Local\Programs\MiKTeX\tex/latex/base\size12.clo
File: size12.clo 2023/05/17 v1.4n Standard LaTeX file (size option)
)
\c@part=\count187
\c@section=\count188
\c@subsection=\count189
\c@subsubsection=\count190
\c@paragraph=\count191
\c@subparagraph=\count192
\c@figure=\count193
\c@table=\count194
\abovecaptionskip=\skip48
\belowcaptionskip=\skip49
\bibindent=\dimen140
)
(C:\Users\masou\AppData\Local\Programs\MiKTeX\tex/latex/graphics\graphicx.sty
Package: graphicx 2021/09/16 v1.2d Enhanced LaTeX Graphics (DPC,SPQR)

(C:\Users\masou\AppData\Local\Programs\MiKTeX\tex/latex/graphics\keyval.sty
Package: keyval 2022/05/29 v1.15 key=value parser (DPC)
\KV@toks@=\toks17
)
(C:\Users\masou\AppData\Local\Programs\MiKTeX\tex/latex/graphics\graphics.sty
Package: graphics 2022/03/10 v1.4e Standard LaTeX Graphics (DPC,SPQR)

(C:\Users\masou\AppData\Local\Programs\MiKTeX\tex/latex/graphics\trig.sty
Package: trig 2021/08/11 v1.11 sin cos tan (DPC)
)
(C:\Users\masou\AppData\Local\Programs\MiKTeX\tex/latex/graphics-cfg\graphics.c
fg
File: graphics.cfg 2016/06/04 v1.11 sample graphics configuration
)
Package graphics Info: Driver file: pdftex.def on input line 107.

(C:\Users\masou\AppData\Local\Programs\MiKTeX\tex/latex/graphics-def\pdftex.def
File: pdftex.def 2022/09/22 v1.2b Graphics/color driver for pdftex
))
\Gin@req@height=\dimen141
\Gin@req@width=\dimen142
) (C:\Users\masou\AppData\Local\Programs\MiKTeX\tex/latex/amsmath\amsmath.sty
Package: amsmath 2023/05/13 v2.17o AMS math features
\@mathmargin=\skip50
For additional information on amsmath, use the `?' option.
(C:\Users\masou\AppData\Local\Programs\MiKTeX\tex/latex/amsmath\amstext.sty
Package: amstext 2021/08/26 v2.01 AMS text

(C:\Users\masou\AppData\Local\Programs\MiKTeX\tex/latex/amsmath\amsgen.sty
File: amsgen.sty 1999/11/30 v2.0 generic functions
\@emptytoks=\toks18
\ex@=\dimen143
))
(C:\Users\masou\AppData\Local\Programs\MiKTeX\tex/latex/amsmath\amsbsy.sty
Package: amsbsy 1999/11/29 v1.2d Bold Symbols
\pmbraise@=\dimen144
)
(C:\Users\masou\AppData\Local\Programs\MiKTeX\tex/latex/amsmath\amsopn.sty
Package: amsopn 2022/04/08 v2.04 operator names
)
\inf@bad=\count195
LaTeX Info: Redefining \frac on input line 234.
\uproot@=\count196
\leftroot@=\count197
LaTeX Info: Redefining \overline on input line 399.
LaTeX Info: Redefining \colon on input line 410.
\classnum@=\count198
\DOTSCASE@=\count199
LaTeX Info: Redefining \ldots on input line 496.
LaTeX Info: Redefining \dots on input line 499.
LaTeX Info: Redefining \cdots on input line 620.
\Mathstrutbox@=\box51
\strutbox@=\box52
LaTeX Info: Redefining \big on input line 722.
LaTeX Info: Redefining \Big on input line 723.
LaTeX Info: Redefining \bigg on input line 724.
LaTeX Info: Redefining \Bigg on input line 725.
\big@size=\dimen145
LaTeX Font Info:    Redeclaring font encoding OML on input line 743.
LaTeX Font Info:    Redeclaring font encoding OMS on input line 744.
\macc@depth=\count266
LaTeX Info: Redefining \bmod on input line 905.
LaTeX Info: Redefining \pmod on input line 910.
LaTeX Info: Redefining \smash on input line 940.
LaTeX Info: Redefining \relbar on input line 970.
LaTeX Info: Redefining \Relbar on input line 971.
\c@MaxMatrixCols=\count267
\dotsspace@=\muskip16
\c@parentequation=\count268
\dspbrk@lvl=\count269
\tag@help=\toks19
\row@=\count270
\column@=\count271
\maxfields@=\count272
\andhelp@=\toks20
\eqnshift@=\dimen146
\alignsep@=\dimen147
\tagshift@=\dimen148
\tagwidth@=\dimen149
\totwidth@=\dimen150
\lineht@=\dimen151
\@envbody=\toks21
\multlinegap=\skip51
\multlinetaggap=\skip52
\mathdisplay@stack=\toks22
LaTeX Info: Redefining \[ on input line 2953.
LaTeX Info: Redefining \] on input line 2954.
)
(C:\Users\masou\AppData\Local\Programs\MiKTeX\tex/latex/tools\verbatim.sty
Package: verbatim 2023-11-06 v1.5v LaTeX2e package for verbatim enhancements
\every@verbatim=\toks23
\verbatim@line=\toks24
\verbatim@in@stream=\read2
)
(C:\Users\masou\AppData\Local\Programs\MiKTeX\tex/latex/l3backend\l3backend-pdf
tex.def
File: l3backend-pdftex.def 2024-01-04 L3 backend support: PDF output (pdfTeX)
\l__color_backend_stack_int=\count273
\l__pdf_internal_box=\box53
)
(C:/Phd\Aerosol Physics-Jeff\hw_aerosol_physics\auxil\report_hw_2_aero_cond_coa
g.aux)
\openout1 = `report_hw_2_aero_cond_coag.aux'.

LaTeX Font Info:    Checking defaults for OML/cmm/m/it on input line 39.
LaTeX Font Info:    ... okay on input line 39.
LaTeX Font Info:    Checking defaults for OMS/cmsy/m/n on input line 39.
LaTeX Font Info:    ... okay on input line 39.
LaTeX Font Info:    Checking defaults for OT1/cmr/m/n on input line 39.
LaTeX Font Info:    ... okay on input line 39.
LaTeX Font Info:    Checking defaults for T1/cmr/m/n on input line 39.
LaTeX Font Info:    ... okay on input line 39.
LaTeX Font Info:    Checking defaults for TS1/cmr/m/n on input line 39.
LaTeX Font Info:    ... okay on input line 39.
LaTeX Font Info:    Checking defaults for OMX/cmex/m/n on input line 39.
LaTeX Font Info:    ... okay on input line 39.
LaTeX Font Info:    Checking defaults for U/cmr/m/n on input line 39.
LaTeX Font Info:    ... okay on input line 39.

(C:\Users\masou\AppData\Local\Programs\MiKTeX\tex/context/base/mkii\supp-pdf.mk
ii
[Loading MPS to PDF converter (version 2006.09.02).]
\scratchcounter=\count274
\scratchdimen=\dimen152
\scratchbox=\box54
\nofMPsegments=\count275
\nofMParguments=\count276
\everyMPshowfont=\toks25
\MPscratchCnt=\count277
\MPscratchDim=\dimen153
\MPnumerator=\count278
\makeMPintoPDFobject=\count279
\everyMPtoPDFconversion=\toks26
)
(C:\Users\masou\AppData\Local\Programs\MiKTeX\tex/latex/epstopdf-pkg\epstopdf-b
ase.sty
Package: epstopdf-base 2020-01-24 v2.11 Base part for package epstopdf
Package epstopdf-base Info: Redefining graphics rule for `.eps' on input line 4
85.

(C:\Users\masou\AppData\Local\Programs\MiKTeX\tex/latex/00miktex\epstopdf-sys.c
fg
File: epstopdf-sys.cfg 2021/03/18 v2.0 Configuration of epstopdf for MiKTeX
)) [1

{C:/Users/masou/AppData/Local/MiKTeX/fonts/map/pdftex/pdftex.map}]

report_hw_2_aero_cond_coag.tex:85: LaTeX Error: Unknown float option `H'.

See the LaTeX manual or LaTeX Companion for explanation.
Type  H <return>  for immediate help.
 ...                                              
                                                  
l.85 \begin{figure}[H]
                      \label{fig:problem-1-a}
Option `H' ignored and `p' used.

<hw2_pr1_1_condensation_growth_rate_vs_diameter.png, id=9, 462.528pt x 346.896p
t>
File: hw2_pr1_1_condensation_growth_rate_vs_diameter.png Graphic file (type png
)
<use hw2_pr1_1_condensation_growth_rate_vs_diameter.png>
Package pdftex.def Info: hw2_pr1_1_condensation_growth_rate_vs_diameter.png  us
ed on input line 87.
(pdftex.def)             Requested size: 361.34999pt x 271.0277pt.
<hw2_pr1_2_condensation_growth_rate_vs_mass.png, id=11, 462.528pt x 346.896pt>
File: hw2_pr1_2_condensation_growth_rate_vs_mass.png Graphic file (type png)
<use hw2_pr1_2_condensation_growth_rate_vs_mass.png>
Package pdftex.def Info: hw2_pr1_2_condensation_growth_rate_vs_mass.png  used o
n input line 107.
(pdftex.def)             Requested size: 361.34999pt x 271.0277pt.
[1] [2 <./hw2_pr1_1_condensation_growth_rate_vs_diameter.png> <./hw2_pr1_2_cond
ensation_growth_rate_vs_mass.png>]
report_hw_2_aero_cond_coag.tex:128: Missing $ inserted.
<inserted text> 
                $
l.128 ...f the brownian coagulation ceofficient K_
                                                  {12}: \\ \\
I've inserted a begin-math/end-math symbol since I think
you left one out. Proceed, with fingers crossed.

report_hw_2_aero_cond_coag.tex:130: Missing $ inserted.
<inserted text> 
                $
l.130 $\displaystyle
                     K_{12} = 2\pi(D_1+D_2)(D_{p1}+D_{p2})(\frac{D_{p1}+D_{p...
I've inserted a begin-math/end-math symbol since I think
you left one out. Proceed, with fingers crossed.


Underfull \hbox (badness 10000) in paragraph at lines 128--137

 []


Underfull \hbox (badness 10000) in paragraph at lines 128--137

 []


Underfull \hbox (badness 10000) in paragraph at lines 139--142

 []

report_hw_2_aero_cond_coag.tex:146: Double subscript.
<argument> dV_p_
                2
l.146 $\displaystyle \frac{dV_p_2}{dt}
                                      =k_{12} N_1 V_p_1 $
I treat `x_1_2' essentially like `x_1{}_2'.

report_hw_2_aero_cond_coag.tex:146: Double subscript.
l.146 ...aystyle \frac{dV_p_2}{dt}=k_{12} N_1 V_p_
                                                  1 $
I treat `x_1_2' essentially like `x_1{}_2'.

report_hw_2_aero_cond_coag.tex:148: Double subscript.
<argument> dD_p_
                2
l.148 $\displaystyle \frac{dD_p_2}{dt}
                                      =k_{12} N_1 V_p_1 \frac{2}{\pi D_p_2^2}$
I treat `x_1_2' essentially like `x_1{}_2'.

report_hw_2_aero_cond_coag.tex:148: Double subscript.
l.148 ...aystyle \frac{dD_p_2}{dt}=k_{12} N_1 V_p_
                                                  1 \frac{2}{\pi D_p_2^2}$
I treat `x_1_2' essentially like `x_1{}_2'.

report_hw_2_aero_cond_coag.tex:148: Double subscript.
<argument> \pi D_p_
                   2^2
l.148 ...t}=k_{12} N_1 V_p_1 \frac{2}{\pi D_p_2^2}
                                                  $
I treat `x_1_2' essentially like `x_1{}_2'.

report_hw_2_aero_cond_coag.tex:150: Double subscript.
<argument> dD_p_
                2
l.150 $\displaystyle \frac{dD_p_2}{dt}
                                      = 8.56E(-3) nm\ hr^{-1}$
I treat `x_1_2' essentially like `x_1{}_2'.


Underfull \hbox (badness 10000) in paragraph at lines 144--151

 []


Underfull \hbox (badness 10000) in paragraph at lines 144--151

 []


Underfull \hbox (badness 10000) in paragraph at lines 144--151

 []

[3]
<hw2_pr2_1_coagulation_coefficient_vs_diameter.png, id=28, 361.35pt x 433.62pt>

File: hw2_pr2_1_coagulation_coefficient_vs_diameter.png Graphic file (type png)

<use hw2_pr2_1_coagulation_coefficient_vs_diameter.png>
Package pdftex.def Info: hw2_pr2_1_coagulation_coefficient_vs_diameter.png  use
d on input line 160.
(pdftex.def)             Requested size: 216.81pt x 260.17401pt.
<Table_13_5_Fuchs_Coagulation_plot.png, id=29, 666.23906pt x 785.18344pt>
File: Table_13_5_Fuchs_Coagulation_plot.png Graphic file (type png)
<use Table_13_5_Fuchs_Coagulation_plot.png>
Package pdftex.def Info: Table_13_5_Fuchs_Coagulation_plot.png  used on input l
ine 167.
(pdftex.def)             Requested size: 216.81pt x 255.51706pt.
 [4 <./hw2_pr2_1_coagulation_coefficient_vs_diameter.png> <./Table_13_5_Fuchs_C
oagulation_plot.png>]
(C:/Phd\Aerosol Physics-Jeff\hw_aerosol_physics\auxil\report_hw_2_aero_cond_coa
g.aux)
 ***********
LaTeX2e <2023-11-01>
L3 programming layer <2024-01-04>
 ***********
 ) 
Here is how much of TeX's memory you used:
 2094 strings out of 474486
 34391 string characters out of 5743755
 1933528 words of memory out of 5000000
 24394 multiletter control sequences out of 15000+600000
 563643 words of font info for 55 fonts, out of 8000000 for 9000
 1141 hyphenation exceptions out of 8191
 57i,6n,65p,252b,275s stack positions out of 10000i,1000n,20000p,200000b,200000s
<C:/Users/masou/AppData/Local/Programs/MiKTeX/fonts/type1/public/amsfonts/cm/
cmbx12.pfb><C:/Users/masou/AppData/Local/Programs/MiKTeX/fonts/type1/public/ams
fonts/cm/cmmi12.pfb><C:/Users/masou/AppData/Local/Programs/MiKTeX/fonts/type1/p
ublic/amsfonts/cm/cmmi8.pfb><C:/Users/masou/AppData/Local/Programs/MiKTeX/fonts
/type1/public/amsfonts/cm/cmr12.pfb><C:/Users/masou/AppData/Local/Programs/MiKT
eX/fonts/type1/public/amsfonts/cm/cmr17.pfb><C:/Users/masou/AppData/Local/Progr
ams/MiKTeX/fonts/type1/public/amsfonts/cm/cmr8.pfb><C:/Users/masou/AppData/Loca
l/Programs/MiKTeX/fonts/type1/public/amsfonts/cm/cmsy10.pfb><C:/Users/masou/App
Data/Local/Programs/MiKTeX/fonts/type1/public/amsfonts/cm/cmsy8.pfb><C:/Users/m
asou/AppData/Local/Programs/MiKTeX/fonts/type1/public/amsfonts/cm/cmti12.pfb>
Output written on "C:/Phd\Aerosol Physics-Jeff\hw_aerosol_physics\out\report_hw
_2_aero_cond_coag.pdf" (5 pages, 253979 bytes).
PDF statistics:
 72 PDF objects out of 1000 (max. 8388607)
 0 named destinations out of 1000 (max. 500000)
 21 words of extra memory for PDF output out of 10000 (max. 10000000)

